2023/07/26 12:33:50 [error] [php] include(User.php): failed to open stream: No such file or directory (/var/www/html/framework/YiiBase.php:463)
Stack trace:
#0 /var/www/html/blog/protected/views/layouts/header.php(2): spl_autoload_call()
#1 /var/www/html/blog/protected/views/layouts/main.php(1): require_once()
#2 /var/www/html/framework/web/CBaseController.php(126): require()
#3 /var/www/html/framework/web/CBaseController.php(95): SiteController->renderInternal()
#4 /var/www/html/framework/web/widgets/CContentDecorator.php(76): SiteController->renderFile()
#5 /var/www/html/framework/web/widgets/CContentDecorator.php(54): CContentDecorator->decorate()
#6 /var/www/html/framework/web/widgets/COutputProcessor.php(44): CContentDecorator->processOutput()
#7 /var/www/html/framework/web/CBaseController.php(215): CContentDecorator->run()
#8 /var/www/html/framework/web/CBaseController.php(309): SiteController->endWidget()
#9 /var/www/html/blog/protected/views/layouts/column1.php(6): SiteController->endContent()
#10 /var/www/html/framework/web/CBaseController.php(126): require()
#11 /var/www/html/framework/web/CBaseController.php(95): SiteController->renderInternal()
#12 /var/www/html/framework/web/CController.php(787): SiteController->renderFile()
#13 /var/www/html/blog/protected/controllers/SiteController.php(32): SiteController->render()
#14 /var/www/html/framework/web/actions/CInlineAction.php(49): SiteController->actionIndex()
#15 /var/www/html/framework/web/CController.php(308): CInlineAction->runWithParams()
#16 /var/www/html/framework/web/CController.php(286): SiteController->runAction()
#17 /var/www/html/framework/web/CController.php(265): SiteController->runActionWithFilters()
#18 /var/www/html/framework/web/CWebApplication.php(282): SiteController->run()
#19 /var/www/html/framework/web/CWebApplication.php(141): CWebApplication->runController()
#20 /var/www/html/framework/base/CApplication.php(185): CWebApplication->processRequest()
#21 /var/www/html/blog/index.php(13): CWebApplication->run()
REQUEST_URI=/index.php/site/index
in /var/www/html/blog/protected/views/layouts/header.php (2)
in /var/www/html/blog/protected/views/layouts/main.php (1)
in /var/www/html/blog/protected/views/layouts/column1.php (6)
2023/07/26 12:35:29 [error] [php] include(User.php): failed to open stream: No such file or directory (/var/www/html/framework/YiiBase.php:463)
Stack trace:
#0 /var/www/html/blog/protected/views/layouts/header.php(2): spl_autoload_call()
#1 /var/www/html/blog/protected/views/layouts/main.php(25): require_once()
#2 /var/www/html/framework/web/CBaseController.php(126): require()
#3 /var/www/html/framework/web/CBaseController.php(95): SiteController->renderInternal()
#4 /var/www/html/framework/web/widgets/CContentDecorator.php(76): SiteController->renderFile()
#5 /var/www/html/framework/web/widgets/CContentDecorator.php(54): CContentDecorator->decorate()
#6 /var/www/html/framework/web/widgets/COutputProcessor.php(44): CContentDecorator->processOutput()
#7 /var/www/html/framework/web/CBaseController.php(215): CContentDecorator->run()
#8 /var/www/html/framework/web/CBaseController.php(309): SiteController->endWidget()
#9 /var/www/html/blog/protected/views/layouts/column1.php(6): SiteController->endContent()
#10 /var/www/html/framework/web/CBaseController.php(126): require()
#11 /var/www/html/framework/web/CBaseController.php(95): SiteController->renderInternal()
#12 /var/www/html/framework/web/CController.php(787): SiteController->renderFile()
#13 /var/www/html/blog/protected/controllers/SiteController.php(32): SiteController->render()
#14 /var/www/html/framework/web/actions/CInlineAction.php(49): SiteController->actionIndex()
#15 /var/www/html/framework/web/CController.php(308): CInlineAction->runWithParams()
#16 /var/www/html/framework/web/CController.php(286): SiteController->runAction()
#17 /var/www/html/framework/web/CController.php(265): SiteController->runActionWithFilters()
#18 /var/www/html/framework/web/CWebApplication.php(282): SiteController->run()
#19 /var/www/html/framework/web/CWebApplication.php(141): CWebApplication->runController()
#20 /var/www/html/framework/base/CApplication.php(185): CWebApplication->processRequest()
#21 /var/www/html/blog/index.php(13): CWebApplication->run()
REQUEST_URI=/index.php/site/index
in /var/www/html/blog/protected/views/layouts/header.php (2)
in /var/www/html/blog/protected/views/layouts/main.php (25)
in /var/www/html/blog/protected/views/layouts/column1.php (6)
2023/07/26 12:41:02 [error] [php] include(User.php): failed to open stream: No such file or directory (/var/www/html/framework/YiiBase.php:463)
Stack trace:
#0 /var/www/html/blog/protected/views/layouts/header.php(2): spl_autoload_call()
#1 /var/www/html/blog/protected/views/layouts/main.php(1): require_once()
#2 /var/www/html/framework/web/CBaseController.php(126): require()
#3 /var/www/html/framework/web/CBaseController.php(95): SiteController->renderInternal()
#4 /var/www/html/framework/web/widgets/CContentDecorator.php(76): SiteController->renderFile()
#5 /var/www/html/framework/web/widgets/CContentDecorator.php(54): CContentDecorator->decorate()
#6 /var/www/html/framework/web/widgets/COutputProcessor.php(44): CContentDecorator->processOutput()
#7 /var/www/html/framework/web/CBaseController.php(215): CContentDecorator->run()
#8 /var/www/html/framework/web/CBaseController.php(309): SiteController->endWidget()
#9 /var/www/html/blog/protected/views/layouts/column1.php(6): SiteController->endContent()
#10 /var/www/html/framework/web/CBaseController.php(126): require()
#11 /var/www/html/framework/web/CBaseController.php(95): SiteController->renderInternal()
#12 /var/www/html/framework/web/CController.php(787): SiteController->renderFile()
#13 /var/www/html/blog/protected/controllers/SiteController.php(32): SiteController->render()
#14 /var/www/html/framework/web/actions/CInlineAction.php(49): SiteController->actionIndex()
#15 /var/www/html/framework/web/CController.php(308): CInlineAction->runWithParams()
#16 /var/www/html/framework/web/CController.php(286): SiteController->runAction()
#17 /var/www/html/framework/web/CController.php(265): SiteController->runActionWithFilters()
#18 /var/www/html/framework/web/CWebApplication.php(282): SiteController->run()
#19 /var/www/html/framework/web/CWebApplication.php(141): CWebApplication->runController()
#20 /var/www/html/framework/base/CApplication.php(185): CWebApplication->processRequest()
#21 /var/www/html/blog/index.php(13): CWebApplication->run()
REQUEST_URI=/index.php/site/index
in /var/www/html/blog/protected/views/layouts/header.php (2)
in /var/www/html/blog/protected/views/layouts/main.php (1)
in /var/www/html/blog/protected/views/layouts/column1.php (6)
2023/07/26 12:42:34 [error] [php] include(User.php): failed to open stream: No such file or directory (/var/www/html/framework/YiiBase.php:463)
Stack trace:
#0 /var/www/html/blog/protected/views/layouts/header.php(2): spl_autoload_call()
#1 /var/www/html/blog/protected/views/layouts/main.php(1): require_once()
#2 /var/www/html/framework/web/CBaseController.php(126): require()
#3 /var/www/html/framework/web/CBaseController.php(95): SiteController->renderInternal()
#4 /var/www/html/framework/web/widgets/CContentDecorator.php(76): SiteController->renderFile()
#5 /var/www/html/framework/web/widgets/CContentDecorator.php(54): CContentDecorator->decorate()
#6 /var/www/html/framework/web/widgets/COutputProcessor.php(44): CContentDecorator->processOutput()
#7 /var/www/html/framework/web/CBaseController.php(215): CContentDecorator->run()
#8 /var/www/html/framework/web/CBaseController.php(309): SiteController->endWidget()
#9 /var/www/html/blog/protected/views/layouts/column1.php(6): SiteController->endContent()
#10 /var/www/html/framework/web/CBaseController.php(126): require()
#11 /var/www/html/framework/web/CBaseController.php(95): SiteController->renderInternal()
#12 /var/www/html/framework/web/CController.php(787): SiteController->renderFile()
#13 /var/www/html/blog/protected/controllers/SiteController.php(32): SiteController->render()
#14 /var/www/html/framework/web/actions/CInlineAction.php(49): SiteController->actionIndex()
#15 /var/www/html/framework/web/CController.php(308): CInlineAction->runWithParams()
#16 /var/www/html/framework/web/CController.php(286): SiteController->runAction()
#17 /var/www/html/framework/web/CController.php(265): SiteController->runActionWithFilters()
#18 /var/www/html/framework/web/CWebApplication.php(282): SiteController->run()
#19 /var/www/html/framework/web/CWebApplication.php(141): CWebApplication->runController()
#20 /var/www/html/framework/base/CApplication.php(185): CWebApplication->processRequest()
#21 /var/www/html/blog/index.php(13): CWebApplication->run()
REQUEST_URI=/index.php/site/index
in /var/www/html/blog/protected/views/layouts/header.php (2)
in /var/www/html/blog/protected/views/layouts/main.php (1)
in /var/www/html/blog/protected/views/layouts/column1.php (6)
2023/07/26 12:42:37 [error] [php] include(User.php): failed to open stream: No such file or directory (/var/www/html/framework/YiiBase.php:463)
Stack trace:
#0 /var/www/html/blog/protected/views/layouts/header.php(2): spl_autoload_call()
#1 /var/www/html/blog/protected/views/layouts/main.php(1): require_once()
#2 /var/www/html/framework/web/CBaseController.php(126): require()
#3 /var/www/html/framework/web/CBaseController.php(95): SiteController->renderInternal()
#4 /var/www/html/framework/web/widgets/CContentDecorator.php(76): SiteController->renderFile()
#5 /var/www/html/framework/web/widgets/CContentDecorator.php(54): CContentDecorator->decorate()
#6 /var/www/html/framework/web/widgets/COutputProcessor.php(44): CContentDecorator->processOutput()
#7 /var/www/html/framework/web/CBaseController.php(215): CContentDecorator->run()
#8 /var/www/html/framework/web/CBaseController.php(309): SiteController->endWidget()
#9 /var/www/html/blog/protected/views/layouts/column1.php(6): SiteController->endContent()
#10 /var/www/html/framework/web/CBaseController.php(126): require()
#11 /var/www/html/framework/web/CBaseController.php(95): SiteController->renderInternal()
#12 /var/www/html/framework/web/CController.php(787): SiteController->renderFile()
#13 /var/www/html/blog/protected/controllers/SiteController.php(32): SiteController->render()
#14 /var/www/html/framework/web/actions/CInlineAction.php(49): SiteController->actionIndex()
#15 /var/www/html/framework/web/CController.php(308): CInlineAction->runWithParams()
#16 /var/www/html/framework/web/CController.php(286): SiteController->runAction()
#17 /var/www/html/framework/web/CController.php(265): SiteController->runActionWithFilters()
#18 /var/www/html/framework/web/CWebApplication.php(282): SiteController->run()
#19 /var/www/html/framework/web/CWebApplication.php(141): CWebApplication->runController()
#20 /var/www/html/framework/base/CApplication.php(185): CWebApplication->processRequest()
#21 /var/www/html/blog/index.php(13): CWebApplication->run()
REQUEST_URI=/index.php/site/index
in /var/www/html/blog/protected/views/layouts/header.php (2)
in /var/www/html/blog/protected/views/layouts/main.php (1)
in /var/www/html/blog/protected/views/layouts/column1.php (6)
2023/07/26 12:42:37 [error] [php] include(User.php): failed to open stream: No such file or directory (/var/www/html/framework/YiiBase.php:463)
Stack trace:
#0 /var/www/html/blog/protected/views/layouts/header.php(2): spl_autoload_call()
#1 /var/www/html/blog/protected/views/layouts/main.php(1): require_once()
#2 /var/www/html/framework/web/CBaseController.php(126): require()
#3 /var/www/html/framework/web/CBaseController.php(95): SiteController->renderInternal()
#4 /var/www/html/framework/web/widgets/CContentDecorator.php(76): SiteController->renderFile()
#5 /var/www/html/framework/web/widgets/CContentDecorator.php(54): CContentDecorator->decorate()
#6 /var/www/html/framework/web/widgets/COutputProcessor.php(44): CContentDecorator->processOutput()
#7 /var/www/html/framework/web/CBaseController.php(215): CContentDecorator->run()
#8 /var/www/html/framework/web/CBaseController.php(309): SiteController->endWidget()
#9 /var/www/html/blog/protected/views/layouts/column1.php(6): SiteController->endContent()
#10 /var/www/html/framework/web/CBaseController.php(126): require()
#11 /var/www/html/framework/web/CBaseController.php(95): SiteController->renderInternal()
#12 /var/www/html/framework/web/CController.php(787): SiteController->renderFile()
#13 /var/www/html/blog/protected/controllers/SiteController.php(32): SiteController->render()
#14 /var/www/html/framework/web/actions/CInlineAction.php(49): SiteController->actionIndex()
#15 /var/www/html/framework/web/CController.php(308): CInlineAction->runWithParams()
#16 /var/www/html/framework/web/CController.php(286): SiteController->runAction()
#17 /var/www/html/framework/web/CController.php(265): SiteController->runActionWithFilters()
#18 /var/www/html/framework/web/CWebApplication.php(282): SiteController->run()
#19 /var/www/html/framework/web/CWebApplication.php(141): CWebApplication->runController()
#20 /var/www/html/framework/base/CApplication.php(185): CWebApplication->processRequest()
#21 /var/www/html/blog/index.php(13): CWebApplication->run()
REQUEST_URI=/index.php/site/index
in /var/www/html/blog/protected/views/layouts/header.php (2)
in /var/www/html/blog/protected/views/layouts/main.php (1)
in /var/www/html/blog/protected/views/layouts/column1.php (6)
2023/07/26 22:17:49 [error] [php] Invalid argument supplied for foreach() (/var/www/html/blog/protected/views/site/index.php:23)
Stack trace:
#0 /var/www/html/framework/web/CController.php(872): SiteController->renderFile()
#1 /var/www/html/framework/web/CController.php(785): SiteController->renderPartial()
#2 /var/www/html/blog/protected/controllers/SiteController.php(32): SiteController->render()
#3 /var/www/html/framework/web/actions/CInlineAction.php(49): SiteController->actionIndex()
#4 /var/www/html/framework/web/CController.php(308): CInlineAction->runWithParams()
#5 /var/www/html/framework/web/CController.php(286): SiteController->runAction()
#6 /var/www/html/framework/web/CController.php(265): SiteController->runActionWithFilters()
#7 /var/www/html/framework/web/CWebApplication.php(282): SiteController->run()
#8 /var/www/html/framework/web/CWebApplication.php(141): CWebApplication->runController()
#9 /var/www/html/framework/base/CApplication.php(185): CWebApplication->processRequest()
#10 /var/www/html/blog/index.php(13): CWebApplication->run()
REQUEST_URI=/
in /var/www/html/blog/protected/views/site/index.php (23)
in /var/www/html/blog/protected/controllers/SiteController.php (32)
in /var/www/html/blog/index.php (13)
2023/07/28 11:11:03 [error] [php] include(Term.php): failed to open stream: No such file or directory (/var/www/html/framework/YiiBase.php:463)
Stack trace:
#0 /var/www/html/framework/db/ar/CActiveRecord.php(397): spl_autoload_call()
#1 /var/www/html/framework/web/CActiveDataProvider.php(165): model()
#2 /var/www/html/framework/web/CActiveDataProvider.php(87): CActiveDataProvider->getModel()
#3 /var/www/html/blog/protected/controllers/CategoriaController.php(7): CActiveDataProvider->__construct()
#4 /var/www/html/framework/web/actions/CInlineAction.php(49): CategoriaController->actionIndex()
#5 /var/www/html/framework/web/CController.php(308): CInlineAction->runWithParams()
#6 /var/www/html/framework/web/CController.php(286): CategoriaController->runAction()
#7 /var/www/html/framework/web/CController.php(265): CategoriaController->runActionWithFilters()
#8 /var/www/html/framework/web/CWebApplication.php(282): CategoriaController->run()
#9 /var/www/html/framework/web/CWebApplication.php(141): CWebApplication->runController()
#10 /var/www/html/framework/base/CApplication.php(185): CWebApplication->processRequest()
#11 /var/www/html/blog/index.php(13): CWebApplication->run()
REQUEST_URI=/index.php?r=categoria
in /var/www/html/blog/protected/controllers/CategoriaController.php (7)
in /var/www/html/blog/index.php (13)
2023/07/28 11:11:06 [error] [exception.CHttpException.404] CHttpException: Unable to resolve the request "about". in /var/www/html/framework/web/CWebApplication.php:286
Stack trace:
#0 /var/www/html/framework/web/CWebApplication.php(141): CWebApplication->runController('about')
#1 /var/www/html/framework/base/CApplication.php(185): CWebApplication->processRequest()
#2 /var/www/html/blog/index.php(13): CApplication->run()
#3 {main}
REQUEST_URI=/index.php?r=about
HTTP_REFERER=https://localhost/
---
2023/07/28 11:11:39 [error] [exception.CHttpException.404] CHttpException: Unable to resolve the request "about". in /var/www/html/framework/web/CWebApplication.php:286
Stack trace:
#0 /var/www/html/framework/web/CWebApplication.php(141): CWebApplication->runController('about')
#1 /var/www/html/framework/base/CApplication.php(185): CWebApplication->processRequest()
#2 /var/www/html/blog/index.php(13): CApplication->run()
#3 {main}
REQUEST_URI=/index.php?r=about
HTTP_REFERER=https://localhost/
---
2023/07/28 11:11:43 [error] [exception.CHttpException.404] CHttpException: Unable to resolve the request "contact". in /var/www/html/framework/web/CWebApplication.php:286
Stack trace:
#0 /var/www/html/framework/web/CWebApplication.php(141): CWebApplication->runController('contact')
#1 /var/www/html/framework/base/CApplication.php(185): CWebApplication->processRequest()
#2 /var/www/html/blog/index.php(13): CApplication->run()
#3 {main}
REQUEST_URI=/index.php?r=contact
HTTP_REFERER=https://localhost/
---
2023/07/28 11:12:03 [error] [exception.CHttpException.403] CHttpException: You are not allowed to access this page. in /var/www/html/framework/gii/GiiModule.php:170
Stack trace:
#0 /var/www/html/framework/web/CController.php(263): GiiModule->beforeControllerAction(Object(DefaultController), Object(CInlineAction))
#1 /var/www/html/framework/web/CWebApplication.php(282): CController->run('')
#2 /var/www/html/framework/web/CWebApplication.php(141): CWebApplication->runController('gii')
#3 /var/www/html/framework/base/CApplication.php(185): CWebApplication->processRequest()
#4 /var/www/html/blog/index.php(13): CApplication->run()
#5 {main}
REQUEST_URI=/index.php?r=gii
---
2023/07/28 11:12:12 [error] [exception.CHttpException.403] CHttpException: You are not allowed to access this page. in /var/www/html/framework/gii/GiiModule.php:170
Stack trace:
#0 /var/www/html/framework/web/CController.php(263): GiiModule->beforeControllerAction(Object(DefaultController), Object(CInlineAction))
#1 /var/www/html/framework/web/CWebApplication.php(282): CController->run('index')
#2 /var/www/html/framework/web/CWebApplication.php(141): CWebApplication->runController('gii/default/ind...')
#3 /var/www/html/framework/base/CApplication.php(185): CWebApplication->processRequest()
#4 /var/www/html/blog/index.php(13): CApplication->run()
#5 {main}
REQUEST_URI=/index.php?r=gii/default/index
HTTP_REFERER=https://localhost/index.php?r=gii
---
2023/07/28 11:15:49 [error] [php] include(Term.php): failed to open stream: No such file or directory (/var/www/html/framework/YiiBase.php:463)
Stack trace:
#0 /var/www/html/framework/db/ar/CActiveRecord.php(397): spl_autoload_call()
#1 /var/www/html/framework/web/CActiveDataProvider.php(165): model()
#2 /var/www/html/framework/web/CActiveDataProvider.php(87): CActiveDataProvider->getModel()
#3 /var/www/html/blog/protected/controllers/CategoriaController.php(7): CActiveDataProvider->__construct()
#4 /var/www/html/framework/web/actions/CInlineAction.php(49): CategoriaController->actionIndex()
#5 /var/www/html/framework/web/CController.php(308): CInlineAction->runWithParams()
#6 /var/www/html/framework/web/CController.php(286): CategoriaController->runAction()
#7 /var/www/html/framework/web/CController.php(265): CategoriaController->runActionWithFilters()
#8 /var/www/html/framework/web/CWebApplication.php(282): CategoriaController->run()
#9 /var/www/html/framework/web/CWebApplication.php(141): CWebApplication->runController()
#10 /var/www/html/framework/base/CApplication.php(185): CWebApplication->processRequest()
#11 /var/www/html/blog/index.php(13): CWebApplication->run()
REQUEST_URI=/index.php?r=categoria
in /var/www/html/blog/protected/controllers/CategoriaController.php (7)
in /var/www/html/blog/index.php (13)
2023/07/28 11:16:32 [error] [exception.CHttpException.403] CHttpException: You are not allowed to access this page. in /var/www/html/framework/gii/GiiModule.php:170
Stack trace:
#0 /var/www/html/framework/web/CController.php(263): GiiModule->beforeControllerAction(Object(DefaultController), Object(CInlineAction))
#1 /var/www/html/framework/web/CWebApplication.php(282): CController->run('')
#2 /var/www/html/framework/web/CWebApplication.php(141): CWebApplication->runController('gii')
#3 /var/www/html/framework/base/CApplication.php(185): CWebApplication->processRequest()
#4 /var/www/html/blog/index.php(13): CApplication->run()
#5 {main}
REQUEST_URI=/index.php?r=gii
---
2023/07/28 12:44:05 [error] [exception.CHttpException.403] CHttpException: You are not allowed to access this page. in /var/www/html/framework/gii/GiiModule.php:170
Stack trace:
#0 /var/www/html/framework/web/CController.php(263): GiiModule->beforeControllerAction(Object(DefaultController), Object(CInlineAction))
#1 /var/www/html/framework/web/CWebApplication.php(282): CController->run('')
#2 /var/www/html/framework/web/CWebApplication.php(141): CWebApplication->runController('gii')
#3 /var/www/html/framework/base/CApplication.php(185): CWebApplication->processRequest()
#4 /var/www/html/blog/index.php(13): CApplication->run()
#5 {main}
REQUEST_URI=/index.php?r=gii
---
2023/07/28 12:44:22 [error] [exception.CHttpException.403] CHttpException: You are not allowed to access this page. in /var/www/html/framework/gii/GiiModule.php:170
Stack trace:
#0 /var/www/html/framework/web/CController.php(263): GiiModule->beforeControllerAction(Object(DefaultController), Object(CInlineAction))
#1 /var/www/html/framework/web/CWebApplication.php(282): CController->run('')
#2 /var/www/html/framework/web/CWebApplication.php(141): CWebApplication->runController('gii')
#3 /var/www/html/framework/base/CApplication.php(185): CWebApplication->processRequest()
#4 /var/www/html/blog/index.php(13): CApplication->run()
#5 {main}
REQUEST_URI=/index.php?r=gii
---
2023/07/28 14:17:40 [error] [exception.CHttpException.404] CHttpException: Unable to resolve the request "contact". in /var/www/html/framework/web/CWebApplication.php:286
Stack trace:
#0 /var/www/html/framework/web/CWebApplication.php(141): CWebApplication->runController('contact')
#1 /var/www/html/framework/base/CApplication.php(185): CWebApplication->processRequest()
#2 /var/www/html/blog/index.php(13): CApplication->run()
#3 {main}
REQUEST_URI=/index.php?r=contact
HTTP_REFERER=https://localhost/index.php?r=categoria
---
2023/07/28 14:18:57 [error] [exception.CHttpException.404] CHttpException: Unable to resolve the request "contact". in /var/www/html/framework/web/CWebApplication.php:286
Stack trace:
#0 /var/www/html/framework/web/CWebApplication.php(141): CWebApplication->runController('contact')
#1 /var/www/html/framework/base/CApplication.php(185): CWebApplication->processRequest()
#2 /var/www/html/blog/index.php(13): CApplication->run()
#3 {main}
REQUEST_URI=/index.php?r=contact
HTTP_REFERER=https://localhost/index.php?r=categoria
---
2023/07/28 16:02:33 [error] [php] include(RestClient.php): failed to open stream: No such file or directory (/var/www/html/framework/YiiBase.php:463)
Stack trace:
#0 /var/www/html/blog/protected/controllers/CategoriaController.php(7): spl_autoload_call()
#1 /var/www/html/framework/web/actions/CInlineAction.php(49): CategoriaController->actionIndex()
#2 /var/www/html/framework/web/CController.php(308): CInlineAction->runWithParams()
#3 /var/www/html/framework/web/CController.php(286): CategoriaController->runAction()
#4 /var/www/html/framework/web/CController.php(265): CategoriaController->runActionWithFilters()
#5 /var/www/html/framework/web/CWebApplication.php(282): CategoriaController->run()
#6 /var/www/html/framework/web/CWebApplication.php(141): CWebApplication->runController()
#7 /var/www/html/framework/base/CApplication.php(185): CWebApplication->processRequest()
#8 /var/www/html/blog/index.php(13): CWebApplication->run()
REQUEST_URI=/index.php?r=categoria
in /var/www/html/blog/protected/controllers/CategoriaController.php (7)
in /var/www/html/blog/index.php (13)
2023/07/28 16:02:50 [error] [php] include(RestClient.php): failed to open stream: No such file or directory (/var/www/html/framework/YiiBase.php:463)
Stack trace:
#0 /var/www/html/blog/protected/controllers/CategoriaController.php(7): spl_autoload_call()
#1 /var/www/html/framework/web/actions/CInlineAction.php(49): CategoriaController->actionIndex()
#2 /var/www/html/framework/web/CController.php(308): CInlineAction->runWithParams()
#3 /var/www/html/framework/web/CController.php(286): CategoriaController->runAction()
#4 /var/www/html/framework/web/CController.php(265): CategoriaController->runActionWithFilters()
#5 /var/www/html/framework/web/CWebApplication.php(282): CategoriaController->run()
#6 /var/www/html/framework/web/CWebApplication.php(141): CWebApplication->runController()
#7 /var/www/html/framework/base/CApplication.php(185): CWebApplication->processRequest()
#8 /var/www/html/blog/index.php(13): CWebApplication->run()
REQUEST_URI=/index.php?r=categoria
in /var/www/html/blog/protected/controllers/CategoriaController.php (7)
in /var/www/html/blog/index.php (13)
2023/07/28 16:07:30 [error] [php] include(RestClient.php): failed to open stream: No such file or directory (/var/www/html/framework/YiiBase.php:463)
Stack trace:
#0 /var/www/html/blog/protected/controllers/CategoriaController.php(7): spl_autoload_call()
#1 /var/www/html/framework/web/actions/CInlineAction.php(49): CategoriaController->actionIndex()
#2 /var/www/html/framework/web/CController.php(308): CInlineAction->runWithParams()
#3 /var/www/html/framework/web/CController.php(286): CategoriaController->runAction()
#4 /var/www/html/framework/web/CController.php(265): CategoriaController->runActionWithFilters()
#5 /var/www/html/framework/web/CWebApplication.php(282): CategoriaController->run()
#6 /var/www/html/framework/web/CWebApplication.php(141): CWebApplication->runController()
#7 /var/www/html/framework/base/CApplication.php(185): CWebApplication->processRequest()
#8 /var/www/html/blog/index.php(13): CWebApplication->run()
REQUEST_URI=/index.php?r=categoria
in /var/www/html/blog/protected/controllers/CategoriaController.php (7)
in /var/www/html/blog/index.php (13)
2023/07/28 16:07:33 [error] [php] include(RestClient.php): failed to open stream: No such file or directory (/var/www/html/framework/YiiBase.php:463)
Stack trace:
#0 /var/www/html/blog/protected/controllers/CategoriaController.php(7): spl_autoload_call()
#1 /var/www/html/framework/web/actions/CInlineAction.php(49): CategoriaController->actionIndex()
#2 /var/www/html/framework/web/CController.php(308): CInlineAction->runWithParams()
#3 /var/www/html/framework/web/CController.php(286): CategoriaController->runAction()
#4 /var/www/html/framework/web/CController.php(265): CategoriaController->runActionWithFilters()
#5 /var/www/html/framework/web/CWebApplication.php(282): CategoriaController->run()
#6 /var/www/html/framework/web/CWebApplication.php(141): CWebApplication->runController()
#7 /var/www/html/framework/base/CApplication.php(185): CWebApplication->processRequest()
#8 /var/www/html/blog/index.php(13): CWebApplication->run()
REQUEST_URI=/index.php?r=categoria
in /var/www/html/blog/protected/controllers/CategoriaController.php (7)
in /var/www/html/blog/index.php (13)
2023/07/28 16:08:05 [error] [exception.Error] Error: Call to undefined function import() in /var/www/html/blog/protected/controllers/CategoriaController.php:2
Stack trace:
#0 /var/www/html/framework/web/CWebApplication.php(354): require()
#1 /var/www/html/framework/web/CWebApplication.php(276): CWebApplication->createController('')
#2 /var/www/html/framework/web/CWebApplication.php(141): CWebApplication->runController('categoria')
#3 /var/www/html/framework/base/CApplication.php(185): CWebApplication->processRequest()
#4 /var/www/html/blog/index.php(13): CApplication->run()
#5 {main}
REQUEST_URI=/index.php?r=categoria
HTTP_REFERER=https://localhost/index.php?r=sobre
---
2023/07/28 16:08:16 [error] [php] require_once(restclient/RestClient.php): failed to open stream: No such file or directory (/var/www/html/blog/protected/controllers/CategoriaController.php:2)
Stack trace:
#0 /var/www/html/framework/web/CWebApplication.php(276): CWebApplication->createController()
#1 /var/www/html/framework/web/CWebApplication.php(141): CWebApplication->runController()
#2 /var/www/html/framework/base/CApplication.php(185): CWebApplication->processRequest()
#3 /var/www/html/blog/index.php(13): CWebApplication->run()
REQUEST_URI=/index.php?r=categoria
in /var/www/html/blog/protected/controllers/CategoriaController.php (2)
in /var/www/html/blog/protected/controllers/CategoriaController.php (2)
in /var/www/html/blog/index.php (13)
2023/07/28 16:08:34 [error] [php] require_once(protected/vendors/restclient/RestClient.php): failed to open stream: No such file or directory (/var/www/html/blog/protected/controllers/CategoriaController.php:2)
Stack trace:
#0 /var/www/html/framework/web/CWebApplication.php(276): CWebApplication->createController()
#1 /var/www/html/framework/web/CWebApplication.php(141): CWebApplication->runController()
#2 /var/www/html/framework/base/CApplication.php(185): CWebApplication->processRequest()
#3 /var/www/html/blog/index.php(13): CWebApplication->run()
REQUEST_URI=/index.php?r=categoria
in /var/www/html/blog/protected/controllers/CategoriaController.php (2)
in /var/www/html/blog/protected/controllers/CategoriaController.php (2)
in /var/www/html/blog/index.php (13)
2023/07/28 16:11:09 [error] [php] require_once(vendor\tcdent\rest-client\src\RestClient.php): failed to open stream: No such file or directory (/var/www/html/blog/protected/controllers/CategoriaController.php:2)
Stack trace:
#0 /var/www/html/framework/web/CWebApplication.php(276): CWebApplication->createController()
#1 /var/www/html/framework/web/CWebApplication.php(141): CWebApplication->runController()
#2 /var/www/html/framework/base/CApplication.php(185): CWebApplication->processRequest()
#3 /var/www/html/blog/index.php(13): CWebApplication->run()
REQUEST_URI=/index.php?r=categoria
in /var/www/html/blog/protected/controllers/CategoriaController.php (2)
in /var/www/html/blog/protected/controllers/CategoriaController.php (2)
in /var/www/html/blog/index.php (13)
2023/07/28 16:11:10 [error] [php] require_once(vendor\tcdent\rest-client\src\RestClient.php): failed to open stream: No such file or directory (/var/www/html/blog/protected/controllers/CategoriaController.php:2)
Stack trace:
#0 /var/www/html/framework/web/CWebApplication.php(276): CWebApplication->createController()
#1 /var/www/html/framework/web/CWebApplication.php(141): CWebApplication->runController()
#2 /var/www/html/framework/base/CApplication.php(185): CWebApplication->processRequest()
#3 /var/www/html/blog/index.php(13): CWebApplication->run()
REQUEST_URI=/index.php?r=categoria
in /var/www/html/blog/protected/controllers/CategoriaController.php (2)
in /var/www/html/blog/protected/controllers/CategoriaController.php (2)
in /var/www/html/blog/index.php (13)
2023/07/28 16:11:11 [error] [php] require_once(vendor\tcdent\rest-client\src\RestClient.php): failed to open stream: No such file or directory (/var/www/html/blog/protected/controllers/CategoriaController.php:2)
Stack trace:
#0 /var/www/html/framework/web/CWebApplication.php(276): CWebApplication->createController()
#1 /var/www/html/framework/web/CWebApplication.php(141): CWebApplication->runController()
#2 /var/www/html/framework/base/CApplication.php(185): CWebApplication->processRequest()
#3 /var/www/html/blog/index.php(13): CWebApplication->run()
REQUEST_URI=/index.php?r=categoria
in /var/www/html/blog/protected/controllers/CategoriaController.php (2)
in /var/www/html/blog/protected/controllers/CategoriaController.php (2)
in /var/www/html/blog/index.php (13)
2023/07/28 16:11:44 [error] [php] require_once(vendor\tcdent\php-restclient\restclient.php): failed to open stream: No such file or directory (/var/www/html/blog/protected/controllers/CategoriaController.php:2)
Stack trace:
#0 /var/www/html/framework/web/CWebApplication.php(276): CWebApplication->createController()
#1 /var/www/html/framework/web/CWebApplication.php(141): CWebApplication->runController()
#2 /var/www/html/framework/base/CApplication.php(185): CWebApplication->processRequest()
#3 /var/www/html/blog/index.php(13): CWebApplication->run()
REQUEST_URI=/index.php?r=categoria
in /var/www/html/blog/protected/controllers/CategoriaController.php (2)
in /var/www/html/blog/protected/controllers/CategoriaController.php (2)
in /var/www/html/blog/index.php (13)
2023/07/28 16:11:45 [error] [php] require_once(vendor\tcdent\php-restclient\restclient.php): failed to open stream: No such file or directory (/var/www/html/blog/protected/controllers/CategoriaController.php:2)
Stack trace:
#0 /var/www/html/framework/web/CWebApplication.php(276): CWebApplication->createController()
#1 /var/www/html/framework/web/CWebApplication.php(141): CWebApplication->runController()
#2 /var/www/html/framework/base/CApplication.php(185): CWebApplication->processRequest()
#3 /var/www/html/blog/index.php(13): CWebApplication->run()
REQUEST_URI=/index.php?r=categoria
in /var/www/html/blog/protected/controllers/CategoriaController.php (2)
in /var/www/html/blog/protected/controllers/CategoriaController.php (2)
in /var/www/html/blog/index.php (13)
2023/07/28 16:12:26 [error] [php] require_once(C:\Users\acmne\OneDrive\Documentos\Projetos\info-conexa\vendor\tcdent\php-restclient\restclient.php): failed to open stream: No such file or directory (/var/www/html/blog/protected/controllers/CategoriaController.php:2)
Stack trace:
#0 /var/www/html/framework/web/CWebApplication.php(276): CWebApplication->createController()
#1 /var/www/html/framework/web/CWebApplication.php(141): CWebApplication->runController()
#2 /var/www/html/framework/base/CApplication.php(185): CWebApplication->processRequest()
#3 /var/www/html/blog/index.php(13): CWebApplication->run()
REQUEST_URI=/index.php?r=categoria
in /var/www/html/blog/protected/controllers/CategoriaController.php (2)
in /var/www/html/blog/protected/controllers/CategoriaController.php (2)
in /var/www/html/blog/index.php (13)
2023/07/28 16:12:37 [error] [php] require_once(vendor\tcdent\php-restclient): failed to open stream: No such file or directory (/var/www/html/blog/protected/controllers/CategoriaController.php:2)
Stack trace:
#0 /var/www/html/framework/web/CWebApplication.php(276): CWebApplication->createController()
#1 /var/www/html/framework/web/CWebApplication.php(141): CWebApplication->runController()
#2 /var/www/html/framework/base/CApplication.php(185): CWebApplication->processRequest()
#3 /var/www/html/blog/index.php(13): CWebApplication->run()
REQUEST_URI=/index.php?r=categoria
in /var/www/html/blog/protected/controllers/CategoriaController.php (2)
in /var/www/html/blog/protected/controllers/CategoriaController.php (2)
in /var/www/html/blog/index.php (13)
2023/07/28 16:15:30 [error] [php] require(vendor/tcdent/php-restclient/restclient.php): failed to open stream: No such file or directory (/var/www/html/blog/protected/controllers/CategoriaController.php:2)
Stack trace:
#0 /var/www/html/framework/web/CWebApplication.php(276): CWebApplication->createController()
#1 /var/www/html/framework/web/CWebApplication.php(141): CWebApplication->runController()
#2 /var/www/html/framework/base/CApplication.php(185): CWebApplication->processRequest()
#3 /var/www/html/blog/index.php(13): CWebApplication->run()
REQUEST_URI=/index.php?r=categoria
in /var/www/html/blog/protected/controllers/CategoriaController.php (2)
in /var/www/html/blog/protected/controllers/CategoriaController.php (2)
in /var/www/html/blog/index.php (13)
2023/07/28 16:17:35 [error] [php] include(RestClient.php): failed to open stream: No such file or directory (/var/www/html/framework/YiiBase.php:463)
Stack trace:
#0 /var/www/html/blog/protected/controllers/CategoriaController.php(8): spl_autoload_call()
#1 /var/www/html/framework/web/actions/CInlineAction.php(49): CategoriaController->actionIndex()
#2 /var/www/html/framework/web/CController.php(308): CInlineAction->runWithParams()
#3 /var/www/html/framework/web/CController.php(286): CategoriaController->runAction()
#4 /var/www/html/framework/web/CController.php(265): CategoriaController->runActionWithFilters()
#5 /var/www/html/framework/web/CWebApplication.php(282): CategoriaController->run()
#6 /var/www/html/framework/web/CWebApplication.php(141): CWebApplication->runController()
#7 /var/www/html/framework/base/CApplication.php(185): CWebApplication->processRequest()
#8 /var/www/html/blog/index.php(13): CWebApplication->run()
REQUEST_URI=/index.php?r=categoria
in /var/www/html/blog/protected/controllers/CategoriaController.php (8)
in /var/www/html/blog/index.php (13)
2023/07/28 16:19:51 [error] [php] include(Json.php): failed to open stream: No such file or directory (/var/www/html/framework/YiiBase.php:463)
Stack trace:
#0 /var/www/html/blog/protected/controllers/CategoriaController.php(17): spl_autoload_call()
#1 /var/www/html/framework/web/actions/CInlineAction.php(49): CategoriaController->actionIndex()
#2 /var/www/html/framework/web/CController.php(308): CInlineAction->runWithParams()
#3 /var/www/html/framework/web/CController.php(286): CategoriaController->runAction()
#4 /var/www/html/framework/web/CController.php(265): CategoriaController->runActionWithFilters()
#5 /var/www/html/framework/web/CWebApplication.php(282): CategoriaController->run()
#6 /var/www/html/framework/web/CWebApplication.php(141): CWebApplication->runController()
#7 /var/www/html/framework/base/CApplication.php(185): CWebApplication->processRequest()
#8 /var/www/html/blog/index.php(13): CWebApplication->run()
REQUEST_URI=/index.php?r=categoria
in /var/www/html/blog/protected/controllers/CategoriaController.php (17)
in /var/www/html/blog/index.php (13)
2023/07/28 16:21:09 [error] [php] include(Json.php): failed to open stream: No such file or directory (/var/www/html/framework/YiiBase.php:463)
Stack trace:
#0 /var/www/html/blog/protected/controllers/CategoriaController.php(18): spl_autoload_call()
#1 /var/www/html/framework/web/actions/CInlineAction.php(49): CategoriaController->actionIndex()
#2 /var/www/html/framework/web/CController.php(308): CInlineAction->runWithParams()
#3 /var/www/html/framework/web/CController.php(286): CategoriaController->runAction()
#4 /var/www/html/framework/web/CController.php(265): CategoriaController->runActionWithFilters()
#5 /var/www/html/framework/web/CWebApplication.php(282): CategoriaController->run()
#6 /var/www/html/framework/web/CWebApplication.php(141): CWebApplication->runController()
#7 /var/www/html/framework/base/CApplication.php(185): CWebApplication->processRequest()
#8 /var/www/html/blog/index.php(13): CWebApplication->run()
REQUEST_URI=/index.php?r=categoria
in /var/www/html/blog/protected/controllers/CategoriaController.php (18)
in /var/www/html/blog/index.php (13)
2023/07/28 16:56:55 [error] [php] include(RestClient.php): failed to open stream: No such file or directory (/var/www/html/framework/YiiBase.php:463)
Stack trace:
#0 /var/www/html/blog/protected/controllers/SiteController.php(30): spl_autoload_call()
#1 /var/www/html/framework/web/actions/CInlineAction.php(49): SiteController->actionIndex()
#2 /var/www/html/framework/web/CController.php(308): CInlineAction->runWithParams()
#3 /var/www/html/framework/web/CController.php(286): SiteController->runAction()
#4 /var/www/html/framework/web/CController.php(265): SiteController->runActionWithFilters()
#5 /var/www/html/framework/web/CWebApplication.php(282): SiteController->run()
#6 /var/www/html/framework/web/CWebApplication.php(141): CWebApplication->runController()
#7 /var/www/html/framework/base/CApplication.php(185): CWebApplication->processRequest()
#8 /var/www/html/blog/index.php(13): CWebApplication->run()
REQUEST_URI=/
in /var/www/html/blog/protected/controllers/SiteController.php (30)
in /var/www/html/blog/index.php (13)
2023/07/28 16:57:27 [error] [exception.Error] Error: Cannot use object of type stdClass as array in /var/www/html/blog/protected/views/site/index.php:44
Stack trace:
#0 /var/www/html/framework/web/CBaseController.php(126): require()
#1 /var/www/html/framework/web/CBaseController.php(95): CBaseController->renderInternal('/var/www/html/b...', Array, true)
#2 /var/www/html/framework/web/CController.php(872): CBaseController->renderFile('/var/www/html/b...', Array, true)
#3 /var/www/html/framework/web/CController.php(785): CController->renderPartial('index', Array, true)
#4 /var/www/html/blog/protected/controllers/SiteController.php(42): CController->render('index', Array)
#5 /var/www/html/framework/web/actions/CInlineAction.php(49): SiteController->actionIndex()
#6 /var/www/html/framework/web/CController.php(308): CInlineAction->runWithParams(Array)
#7 /var/www/html/framework/web/CController.php(286): CController->runAction(Object(CInlineAction))
#8 /var/www/html/framework/web/CController.php(265): CController->runActionWithFilters(Object(CInlineAction), Array)
#9 /var/www/html/framework/web/CWebApplication.php(282): CController->run('')
#10 /var/www/html/framework/web/CWebApplication.php(141): CWebApplication->runController('')
#11 /var/www/html/framework/base/CApplication.php(185): CWebApplication->processRequest()
#12 /var/www/html/blog/index.php(13): CApplication->run()
#13 {main}
REQUEST_URI=/
HTTP_REFERER=https://localhost/index.php?r=categoria
---
2023/07/28 17:19:49 [error] [php] require(..\blog\protected\vendor\tcdent\php-restclient\restclient.php): failed to open stream: No such file or directory (/var/www/html/blog/protected/controllers/SiteController.php:2)
Stack trace:
#0 /var/www/html/framework/web/CWebApplication.php(276): CWebApplication->createController()
#1 /var/www/html/framework/web/CWebApplication.php(141): CWebApplication->runController()
#2 /var/www/html/framework/base/CApplication.php(185): CWebApplication->processRequest()
#3 /var/www/html/blog/index.php(13): CWebApplication->run()
REQUEST_URI=/
in /var/www/html/blog/protected/controllers/SiteController.php (2)
in /var/www/html/blog/protected/controllers/SiteController.php (2)
in /var/www/html/blog/index.php (13)
2023/07/28 17:20:03 [error] [php] require(\blog\protected\vendor\tcdent\php-restclient\restclient.php): failed to open stream: No such file or directory (/var/www/html/blog/protected/controllers/SiteController.php:2)
Stack trace:
#0 /var/www/html/framework/web/CWebApplication.php(276): CWebApplication->createController()
#1 /var/www/html/framework/web/CWebApplication.php(141): CWebApplication->runController()
#2 /var/www/html/framework/base/CApplication.php(185): CWebApplication->processRequest()
#3 /var/www/html/blog/index.php(13): CWebApplication->run()
REQUEST_URI=/
in /var/www/html/blog/protected/controllers/SiteController.php (2)
in /var/www/html/blog/protected/controllers/SiteController.php (2)
in /var/www/html/blog/index.php (13)
